<?xml version="1.0" encoding="UTF-8" ?>
<testsuite tests="9" failures="0" name="edu.upc.etsetb.arqsoft.chess2019.server.BishopTest" time="0.06" errors="1" skipped="0">
  <properties>
[...]
</properties>
  <testcase classname="edu.upc.etsetb.arqsoft.chess2019.server.BishopTest" name="tesstIsPathFreeOKNoPiece3c3" time="0.031"/>
  <testcase classname="edu.upc.etsetb.arqsoft.chess2019.server.BishopTest" name="testIsPieceMovementOKr2cm2" time="0.001"/>
  <testcase classname="edu.upc.etsetb.arqsoft.chess2019.server.BishopTest" name="testIsPieceMovementOKrm2c2" time="0"/>
  <testcase classname="edu.upc.etsetb.arqsoft.chess2019.server.BishopTest" name="testIsPieceMovementKOr3cm2" time="0.006"/>
  <testcase classname="edu.upc.etsetb.arqsoft.chess2019.server.BishopTest" name="testIsPathFree" time="0.002"/>
  <testcase classname="edu.upc.etsetb.arqsoft.chess2019.server.BishopTest" name="testIsPieceMovementOKr2c2" time="0"/>
  <testcase classname="edu.upc.etsetb.arqsoft.chess2019.server.BishopTest" name="testConstAndGetColorOk" time="0.001"/>
  <testcase classname="edu.upc.etsetb.arqsoft.chess2019.server.BishopTest" name="testIsPieceMovementOKrm2cm2" time="0"/>
  <testcase classname="edu.upc.etsetb.arqsoft.chess2019.server.BishopTest" name="unnecessary Mockito stubbings" time="0.019">
    <error message="
Unnecessary stubbings detected in test class: BishopTest
Clean &amp; maintainable test code requires zero unnecessary code.
Following stubbings are unnecessary (click to navigate to relevant line of code):
  1. -&gt; at edu.upc.etsetb.arqsoft.chess2019.server.BishopTest.tesstIsPathFreeOKNoPiece3c3(BishopTest.java:161)
  2. -&gt; at edu.upc.etsetb.arqsoft.chess2019.server.BishopTest.testIsPathFree(BishopTest.java:154)
Please remove unnecessary stubbings or use &apos;lenient&apos; strictness. More info: javadoc for UnnecessaryStubbingException class." type="org.mockito.exceptions.misusing.UnnecessaryStubbingException">org.mockito.exceptions.misusing.UnnecessaryStubbingException: 
Unnecessary stubbings detected in test class: BishopTest
Clean &amp; maintainable test code requires zero unnecessary code.
Following stubbings are unnecessary (click to navigate to relevant line of code):
  1. -&gt; at edu.upc.etsetb.arqsoft.chess2019.server.BishopTest.tesstIsPathFreeOKNoPiece3c3(BishopTest.java:161)
  2. -&gt; at edu.upc.etsetb.arqsoft.chess2019.server.BishopTest.testIsPathFree(BishopTest.java:154)
Please remove unnecessary stubbings or use &apos;lenient&apos; strictness. More info: javadoc for UnnecessaryStubbingException class.
	at org.mockito.internal.runners.StrictRunner.run(StrictRunner.java:49)
	at org.mockito.junit.MockitoJUnitRunner.run(MockitoJUnitRunner.java:163)
	at org.apache.maven.surefire.junit4.JUnit4Provider.execute(JUnit4Provider.java:252)
	at org.apache.maven.surefire.junit4.JUnit4Provider.executeTestSet(JUnit4Provider.java:141)
	at org.apache.maven.surefire.junit4.JUnit4Provider.invoke(JUnit4Provider.java:112)
	at java.base/jdk.internal.reflect.NativeMethodAccessorImpl.invoke0(Native Method)
	at java.base/jdk.internal.reflect.NativeMethodAccessorImpl.invoke(NativeMethodAccessorImpl.java:62)
	at java.base/jdk.internal.reflect.DelegatingMethodAccessorImpl.invoke(DelegatingMethodAccessorImpl.java:43)
	at java.base/java.lang.reflect.Method.invoke(Method.java:567)
	at org.apache.maven.surefire.util.ReflectionUtils.invokeMethodWithArray(ReflectionUtils.java:189)
	at org.apache.maven.surefire.booter.ProviderFactory$ProviderProxy.invoke(ProviderFactory.java:165)
	at org.apache.maven.surefire.booter.ProviderFactory.invokeProvider(ProviderFactory.java:85)
	at org.apache.maven.surefire.booter.ForkedBooter.runSuitesInProcess(ForkedBooter.java:115)
	at org.apache.maven.surefire.booter.ForkedBooter.main(ForkedBooter.java:75)
</error>
    <system-out>
END of tests cases for Bishop in BishopTest


****************************************************************
</system-out>
  </testcase>
</testsuite>