<?xml version="1.0" encoding="UTF-8" ?>
<testsuite tests="3" failures="0" name="edu.upc.etsetb.arqsoft.chess2019.server.GameTest" time="0.043" errors="0" skipped="0">
  <properties>
[...]
</properties>
  <testcase classname="edu.upc.etsetb.arqsoft.chess2019.server.GameTest" name="testMoveNotSameColor" time="0.039"/>
  <testcase classname="edu.upc.etsetb.arqsoft.chess2019.server.GameTest" name="testMoveNoPieceInSquare" time="0.003"/>
  <testcase classname="edu.upc.etsetb.arqsoft.chess2019.server.GameTest" name="testMoveOwnPieceDestinationSquare" time="0.001"/>
</testsuite>